\BOOKMARK [0][-]{chapter.3}{\376\377\000F\000o\000n\000c\000t\000i\000o\000n\000n\000e\000m\000e\000n\000t\000\040\000d\000u\000\040\000s\000y\000s\000t\000\350\000m\000e\000\040\000e\000t\000\040\000d\000\351\000v\000e\000l\000o\000p\000p\000e\000m\000e\000n\000t\000\040\000l\000o\000g\000i\000c\000i\000e\000l}{}% 1
\BOOKMARK [1][-]{section.3.1}{\376\377\000F\000o\000n\000c\000t\000i\000o\000n\000n\000e\000m\000e\000n\000t\000\040\000d\000u\000\040\000s\000y\000s\000t\000\350\000m\000e\000\040\000m\000a\000t\000\351\000r\000i\000e\000l}{chapter.3}% 2
\BOOKMARK [2][-]{subsection.3.1.1}{\376\377\000L\000e\000\040\000p\000r\000i\000n\000c\000i\000p\000e\000\040\000g\000\351\000n\000\351\000r\000a\000l}{section.3.1}% 3
\BOOKMARK [2][-]{subsection.3.1.2}{\376\377\000L\000e\000\040\000m\000o\000t\000e\000u\000r\000\040\000:\000\040\000c\000o\000m\000m\000e\000n\000t\000\040\000u\000n\000e\000\040\000p\000i\000l\000u\000l\000e\000\040\000e\000s\000t\000\040\000l\000i\000b\000\351\000r\000\351\000e}{section.3.1}% 4
\BOOKMARK [2][-]{subsection.3.1.3}{\376\377\000L\000'\000h\000o\000r\000l\000o\000g\000e\000\040\000:\000\040\000s\000a\000v\000o\000i\000r\000\040\000q\000u\000a\000n\000d\000\040\000d\000i\000s\000t\000r\000i\000b\000u\000e\000r}{section.3.1}% 5
\BOOKMARK [2][-]{subsection.3.1.4}{\376\377\000L\000a\000\040\000b\000o\000u\000c\000l\000e\000\040\000d\000e\000\040\000f\000o\000n\000c\000t\000i\000o\000n\000n\000e\000m\000e\000n\000t\000\040\000p\000e\000r\000m\000a\000n\000e\000n\000t\000e}{section.3.1}% 6
\BOOKMARK [2][-]{subsection.3.1.5}{\376\377\000L\000a\000\040\000m\000\351\000m\000o\000i\000r\000e\000\040\000p\000e\000r\000m\000a\000n\000e\000n\000t\000e\000\040\000\050\000E\000E\000P\000R\000O\000M\000\051}{section.3.1}% 7
\BOOKMARK [1][-]{section.3.2}{\376\377\000D\000\351\000v\000e\000l\000o\000p\000p\000e\000m\000e\000n\000t\000\040\000l\000o\000g\000i\000c\000i\000e\000l}{chapter.3}% 8
\BOOKMARK [2][-]{subsection.3.2.1}{\376\377\000L\000a\000\040\000t\000e\000c\000h\000n\000o\000l\000o\000g\000i\000e\000\040\000c\000h\000o\000i\000s\000i\000e\000\040\000e\000t\000\040\000p\000o\000u\000r\000q\000u\000o\000i}{section.3.2}% 9
\BOOKMARK [2][-]{subsection.3.2.2}{\376\377\000L\000'\000o\000r\000g\000a\000n\000i\000s\000a\000t\000i\000o\000n\000\040\000d\000e\000\040\000l\000'\000a\000p\000p\000l\000i\000c\000a\000t\000i\000o\000n\000\040\000e\000n\000\040\000\351\000c\000r\000a\000n\000s}{section.3.2}% 10
\BOOKMARK [2][-]{subsection.3.2.3}{\376\377\000L\000a\000\040\000b\000a\000s\000e\000\040\000d\000e\000\040\000d\000o\000n\000n\000\351\000e\000s\000\040\000l\000o\000c\000a\000l\000e}{section.3.2}% 11
\BOOKMARK [2][-]{subsection.3.2.4}{\376\377\000L\000e\000s\000\040\000r\000a\000p\000p\000e\000l\000s\000\040\000\050\000n\000o\000t\000i\000f\000i\000c\000a\000t\000i\000o\000n\000s\000\051}{section.3.2}% 12
\BOOKMARK [2][-]{subsection.3.2.5}{\376\377\000L\000'\000a\000c\000c\000e\000s\000s\000i\000b\000i\000l\000i\000t\000\351\000\040\000:\000\040\000u\000n\000e\000\040\000e\000x\000i\000g\000e\000n\000c\000e\000\040\000d\000e\000\040\000c\000o\000n\000c\000e\000p\000t\000i\000o\000n}{section.3.2}% 13
\BOOKMARK [1][-]{section.3.3}{\376\377\000O\000r\000g\000a\000n\000i\000g\000r\000a\000m\000m\000e\000\040\000\050\000l\000o\000g\000i\000g\000r\000a\000m\000m\000e\000\051\000\040\000d\000u\000\040\000f\000o\000n\000c\000t\000i\000o\000n\000n\000e\000m\000e\000n\000t}{chapter.3}% 14
\BOOKMARK [1][-]{section.3.4}{\376\377\000I\000n\000t\000\351\000g\000r\000a\000t\000i\000o\000n\000\040\000m\000a\000t\000\351\000r\000i\000e\000l\040\023\000l\000o\000g\000i\000c\000i\000e\000l}{chapter.3}% 15
\BOOKMARK [2][-]{subsection.3.4.1}{\376\377\000L\000e\000\040\000m\000o\000y\000e\000n\000\040\000d\000e\000\040\000c\000o\000m\000m\000u\000n\000i\000c\000a\000t\000i\000o\000n\000\040\000:\000\040\000l\000e\000\040\000W\000i\000F\000i}{section.3.4}% 16
\BOOKMARK [2][-]{subsection.3.4.2}{\376\377\000L\000e\000\040\000l\000a\000n\000g\000a\000g\000e\000\040\000c\000o\000m\000m\000u\000n\000\040\000:\000\040\000d\000e\000s\000\040\000m\000e\000s\000s\000a\000g\000e\000s\000\040\000H\000T\000T\000P\000/\000J\000S\000O\000N}{section.3.4}% 17
\BOOKMARK [2][-]{subsection.3.4.3}{\376\377\000L\000e\000\040\000s\000e\000n\000s\000\040\000d\000i\000s\000t\000r\000i\000b\000u\000t\000e\000u\000r\000\040\000\040\000a\000p\000p\000l\000i\000c\000a\000t\000i\000o\000n\000\040\000:\000\040\000l\000e\000\040\000\253\000\040\000s\000o\000n\000d\000a\000g\000e\000\040\000\273}{section.3.4}% 18
\BOOKMARK [2][-]{subsection.3.4.4}{\376\377\000L\000e\000\040\000p\000i\000p\000e\000l\000i\000n\000e\000\040\000c\000o\000m\000p\000l\000e\000t\000\040\000:\000\040\000d\000u\000\040\000r\000\351\000g\000l\000a\000g\000e\000\040\000\340\000\040\000l\000a\000\040\000p\000r\000i\000s\000e}{section.3.4}% 19
\BOOKMARK [1][-]{section.3.5}{\376\377\000D\000i\000f\000f\000i\000c\000u\000l\000t\000\351\000s\000\040\000r\000e\000n\000c\000o\000n\000t\000r\000\351\000e\000s\000\040\000e\000t\000\040\000s\000o\000l\000u\000t\000i\000o\000n\000s\000\040\000a\000p\000p\000o\000r\000t\000\351\000e\000s}{chapter.3}% 20
\BOOKMARK [2][-]{subsection.3.5.1}{\376\377\000L\000i\000m\000i\000t\000e\000s\000\040\000c\000o\000n\000n\000u\000e\000s\000\040\000e\000t\000\040\000p\000i\000s\000t\000e\000s\000\040\000d\000'\000a\000m\000\351\000l\000i\000o\000r\000a\000t\000i\000o\000n}{section.3.5}% 21
\BOOKMARK [1][-]{subsection.3.5.1}{\376\377\000C\000o\000n\000c\000l\000u\000s\000i\000o\000n\000\040\000d\000u\000\040\000c\000h\000a\000p\000i\000t\000r\000e}{chapter.3}% 22
